  gf2d_sprite.c
c:\users\justin\documents\dev\smo\smo\smo\src\gf2d_sprite.c(46): warning C4113: 'void (__cdecl *)()' differs in parameter lists from 'void (__cdecl *)(void)'
c:\users\justin\documents\dev\smo\smo\smo\src\gf2d_sprite.c(68): warning C4018: '<': signed/unsigned mismatch
c:\users\justin\documents\dev\smo\smo\smo\src\gf2d_sprite.c(78): warning C4018: '<': signed/unsigned mismatch
c:\users\justin\documents\dev\smo\smo\smo\src\gf2d_sprite.c(87): warning C4018: '<': signed/unsigned mismatch
c:\users\justin\documents\dev\smo\smo\smo\src\gf2d_sprite.c(103): warning C4018: '<': signed/unsigned mismatch
c:\users\justin\documents\dev\smo\smo\smo\src\gf2d_sprite.c(232): warning C4244: '=': conversion from 'double' to 'int', possible loss of data
c:\users\justin\documents\dev\smo\smo\smo\src\gf2d_sprite.c(233): warning C4244: '*=': conversion from 'double' to 'int', possible loss of data
c:\users\justin\documents\dev\smo\smo\smo\src\gf2d_sprite.c(234): warning C4244: '*=': conversion from 'double' to 'int', possible loss of data
c:\users\justin\documents\dev\smo\smo\smo\src\gf2d_sprite.c(245): warning C4244: 'function': conversion from 'double' to 'Uint8', possible loss of data
c:\users\justin\documents\dev\smo\smo\smo\src\gf2d_sprite.c(246): warning C4244: 'function': conversion from 'double' to 'Uint8', possible loss of data
c:\users\justin\documents\dev\smo\smo\smo\src\gf2d_sprite.c(247): warning C4244: 'function': conversion from 'double' to 'Uint8', possible loss of data
c:\users\justin\documents\dev\smo\smo\smo\src\gf2d_sprite.c(250): warning C4244: 'function': conversion from 'double' to 'Uint8', possible loss of data
c:\users\justin\documents\dev\smo\smo\smo\src\gf2d_sprite.c(265): warning C4244: '=': conversion from 'double' to 'int', possible loss of data
  gf2d_graphics.c
c:\users\justin\documents\dev\smo\smo\smo\src\gf2d_graphics.c(126): warning C4244: 'function': conversion from 'double' to 'Uint8', possible loss of data
c:\users\justin\documents\dev\smo\smo\smo\src\gf2d_graphics.c(131): warning C4113: 'void (__cdecl *)()' differs in parameter lists from 'void (__cdecl *)(void)'
c:\users\justin\documents\dev\smo\smo\smo\src\gf2d_graphics.c(202): warning C4244: '=': conversion from 'double' to 'float', possible loss of data
c:\users\justin\documents\dev\smo\smo\smo\src\gf2d_graphics.c(219): warning C4244: 'function': conversion from 'double' to 'Uint8', possible loss of data
c:\users\justin\documents\dev\smo\smo\smo\src\gf2d_graphics.c(220): warning C4244: 'function': conversion from 'double' to 'Uint8', possible loss of data
c:\users\justin\documents\dev\smo\smo\smo\src\gf2d_graphics.c(221): warning C4244: 'function': conversion from 'double' to 'Uint8', possible loss of data
c:\users\justin\documents\dev\smo\smo\smo\src\gf2d_graphics.c(222): warning C4244: 'function': conversion from 'double' to 'Uint8', possible loss of data
  gf2d_draw.c
c:\users\justin\documents\dev\smo\smo\smo\src\gf2d_draw.c(9): warning C4244: 'function': conversion from 'double' to 'Uint8', possible loss of data
c:\users\justin\documents\dev\smo\smo\smo\src\gf2d_draw.c(10): warning C4244: 'function': conversion from 'double' to 'Uint8', possible loss of data
c:\users\justin\documents\dev\smo\smo\smo\src\gf2d_draw.c(11): warning C4244: 'function': conversion from 'double' to 'Uint8', possible loss of data
c:\users\justin\documents\dev\smo\smo\smo\src\gf2d_draw.c(12): warning C4244: 'function': conversion from 'double' to 'Uint8', possible loss of data
c:\users\justin\documents\dev\smo\smo\smo\src\gf2d_draw.c(13): warning C4018: '<': signed/unsigned mismatch
c:\users\justin\documents\dev\smo\smo\smo\src\gf2d_draw.c(16): warning C4244: 'function': conversion from 'double' to 'int', possible loss of data
c:\users\justin\documents\dev\smo\smo\smo\src\gf2d_draw.c(17): warning C4244: 'function': conversion from 'double' to 'int', possible loss of data
c:\users\justin\documents\dev\smo\smo\smo\src\gf2d_draw.c(18): warning C4244: 'function': conversion from 'double' to 'int', possible loss of data
c:\users\justin\documents\dev\smo\smo\smo\src\gf2d_draw.c(19): warning C4244: 'function': conversion from 'double' to 'int', possible loss of data
c:\users\justin\documents\dev\smo\smo\smo\src\gf2d_draw.c(31): warning C4244: 'function': conversion from 'double' to 'Uint8', possible loss of data
c:\users\justin\documents\dev\smo\smo\smo\src\gf2d_draw.c(32): warning C4244: 'function': conversion from 'double' to 'Uint8', possible loss of data
c:\users\justin\documents\dev\smo\smo\smo\src\gf2d_draw.c(33): warning C4244: 'function': conversion from 'double' to 'Uint8', possible loss of data
c:\users\justin\documents\dev\smo\smo\smo\src\gf2d_draw.c(34): warning C4244: 'function': conversion from 'double' to 'Uint8', possible loss of data
c:\users\justin\documents\dev\smo\smo\smo\src\gf2d_draw.c(36): warning C4244: 'function': conversion from 'double' to 'int', possible loss of data
c:\users\justin\documents\dev\smo\smo\smo\src\gf2d_draw.c(37): warning C4244: 'function': conversion from 'double' to 'int', possible loss of data
c:\users\justin\documents\dev\smo\smo\smo\src\gf2d_draw.c(38): warning C4244: 'function': conversion from 'double' to 'int', possible loss of data
c:\users\justin\documents\dev\smo\smo\smo\src\gf2d_draw.c(39): warning C4244: 'function': conversion from 'double' to 'int', possible loss of data
c:\users\justin\documents\dev\smo\smo\smo\src\gf2d_draw.c(50): warning C4244: 'function': conversion from 'double' to 'Uint8', possible loss of data
c:\users\justin\documents\dev\smo\smo\smo\src\gf2d_draw.c(51): warning C4244: 'function': conversion from 'double' to 'Uint8', possible loss of data
c:\users\justin\documents\dev\smo\smo\smo\src\gf2d_draw.c(52): warning C4244: 'function': conversion from 'double' to 'Uint8', possible loss of data
c:\users\justin\documents\dev\smo\smo\smo\src\gf2d_draw.c(53): warning C4244: 'function': conversion from 'double' to 'Uint8', possible loss of data
c:\users\justin\documents\dev\smo\smo\smo\src\gf2d_draw.c(65): warning C4244: 'function': conversion from 'double' to 'Uint8', possible loss of data
c:\users\justin\documents\dev\smo\smo\smo\src\gf2d_draw.c(66): warning C4244: 'function': conversion from 'double' to 'Uint8', possible loss of data
c:\users\justin\documents\dev\smo\smo\smo\src\gf2d_draw.c(67): warning C4244: 'function': conversion from 'double' to 'Uint8', possible loss of data
c:\users\justin\documents\dev\smo\smo\smo\src\gf2d_draw.c(68): warning C4244: 'function': conversion from 'double' to 'Uint8', possible loss of data
c:\users\justin\documents\dev\smo\smo\smo\src\gf2d_draw.c(75): warning C4244: 'function': conversion from 'double' to 'Uint8', possible loss of data
c:\users\justin\documents\dev\smo\smo\smo\src\gf2d_draw.c(76): warning C4244: 'function': conversion from 'double' to 'Uint8', possible loss of data
c:\users\justin\documents\dev\smo\smo\smo\src\gf2d_draw.c(77): warning C4244: 'function': conversion from 'double' to 'Uint8', possible loss of data
c:\users\justin\documents\dev\smo\smo\smo\src\gf2d_draw.c(78): warning C4244: 'function': conversion from 'double' to 'Uint8', possible loss of data
c:\users\justin\documents\dev\smo\smo\smo\src\gf2d_draw.c(80): warning C4244: 'function': conversion from 'double' to 'int', possible loss of data
c:\users\justin\documents\dev\smo\smo\smo\src\gf2d_draw.c(81): warning C4244: 'function': conversion from 'double' to 'int', possible loss of data
c:\users\justin\documents\dev\smo\smo\smo\src\gf2d_draw.c(87): warning C4244: 'function': conversion from 'double' to 'Uint8', possible loss of data
c:\users\justin\documents\dev\smo\smo\smo\src\gf2d_draw.c(88): warning C4244: 'function': conversion from 'double' to 'Uint8', possible loss of data
c:\users\justin\documents\dev\smo\smo\smo\src\gf2d_draw.c(89): warning C4244: 'function': conversion from 'double' to 'Uint8', possible loss of data
c:\users\justin\documents\dev\smo\smo\smo\src\gf2d_draw.c(90): warning C4244: 'function': conversion from 'double' to 'Uint8', possible loss of data
c:\users\justin\documents\dev\smo\smo\smo\src\gf2d_draw.c(105): warning C4244: '=': conversion from 'double' to 'int', possible loss of data
c:\users\justin\documents\dev\smo\smo\smo\src\gf2d_draw.c(106): warning C4244: '=': conversion from 'double' to 'int', possible loss of data
c:\users\justin\documents\dev\smo\smo\smo\src\gf2d_draw.c(107): warning C4244: '=': conversion from 'double' to 'int', possible loss of data
c:\users\justin\documents\dev\smo\smo\smo\src\gf2d_draw.c(108): warning C4244: '=': conversion from 'double' to 'int', possible loss of data
c:\users\justin\documents\dev\smo\smo\smo\src\gf2d_draw.c(113): warning C4244: '=': conversion from 'double' to 'int', possible loss of data
c:\users\justin\documents\dev\smo\smo\smo\src\gf2d_draw.c(114): warning C4244: '=': conversion from 'double' to 'int', possible loss of data
c:\users\justin\documents\dev\smo\smo\smo\src\gf2d_draw.c(115): warning C4244: '=': conversion from 'double' to 'int', possible loss of data
c:\users\justin\documents\dev\smo\smo\smo\src\gf2d_draw.c(116): warning C4244: '=': conversion from 'double' to 'int', possible loss of data
c:\users\justin\documents\dev\smo\smo\smo\src\gf2d_draw.c(121): warning C4244: '=': conversion from 'double' to 'int', possible loss of data
c:\users\justin\documents\dev\smo\smo\smo\src\gf2d_draw.c(122): warning C4244: '=': conversion from 'double' to 'int', possible loss of data
c:\users\justin\documents\dev\smo\smo\smo\src\gf2d_draw.c(123): warning C4244: '=': conversion from 'double' to 'int', possible loss of data
c:\users\justin\documents\dev\smo\smo\smo\src\gf2d_draw.c(124): warning C4244: '=': conversion from 'double' to 'int', possible loss of data
c:\users\justin\documents\dev\smo\smo\smo\src\gf2d_draw.c(125): warning C4244: '=': conversion from 'double' to 'int', possible loss of data
c:\users\justin\documents\dev\smo\smo\smo\src\gf2d_draw.c(126): warning C4244: '=': conversion from 'double' to 'int', possible loss of data
c:\users\justin\documents\dev\smo\smo\smo\src\gf2d_draw.c(127): warning C4244: '=': conversion from 'double' to 'int', possible loss of data
c:\users\justin\documents\dev\smo\smo\smo\src\gf2d_draw.c(128): warning C4244: '=': conversion from 'double' to 'int', possible loss of data
c:\users\justin\documents\dev\smo\smo\smo\src\gf2d_draw.c(153): warning C4244: '+=': conversion from 'double' to 'int', possible loss of data
c:\users\justin\documents\dev\smo\smo\smo\src\gf2d_draw.c(158): warning C4244: '+=': conversion from 'double' to 'int', possible loss of data
c:\users\justin\documents\dev\smo\smo\smo\src\gf2d_draw.c(168): warning C4244: 'function': conversion from 'double' to 'Uint8', possible loss of data
c:\users\justin\documents\dev\smo\smo\smo\src\gf2d_draw.c(169): warning C4244: 'function': conversion from 'double' to 'Uint8', possible loss of data
c:\users\justin\documents\dev\smo\smo\smo\src\gf2d_draw.c(170): warning C4244: 'function': conversion from 'double' to 'Uint8', possible loss of data
c:\users\justin\documents\dev\smo\smo\smo\src\gf2d_draw.c(171): warning C4244: 'function': conversion from 'double' to 'Uint8', possible loss of data
  game.c
c:\users\justin\documents\dev\smo\smo\smo\src\game.c(43): warning C4305: '+=': truncation from 'double' to 'float'
  Generating Code...
  smo.vcxproj -> C:\Users\Justin\Documents\dev\smo\smo\smo.exe
  smo.vcxproj -> C:\Users\Justin\Documents\dev\smo\smo\smo.pdb (Full PDB)
